c:\users\tech\desktop\thomasthetankengine-master\temp\vc141.pdb
c:\users\tech\desktop\thomasthetankengine-master\temp\vc141.idb
c:\users\tech\desktop\thomasthetankengine-master\temp\inputhandler.obj
c:\users\tech\desktop\thomasthetankengine-master\temp\eventhandler.obj
c:\users\tech\desktop\thomasthetankengine-master\temp\enginemain.obj
c:\users\tech\desktop\thomasthetankengine-master\temp\enigineinit.obj
c:\users\tech\desktop\thomasthetankengine-master\temp\compatcheck.obj
c:\users\tech\desktop\thomasthetankengine-master\test\x64\thomasthetankengine.exe
c:\users\tech\desktop\thomasthetankengine-master\test\x64\thomasthetankengine.ilk
c:\users\tech\desktop\thomasthetankengine-master\test\x64\thomasthetankengine.pdb
c:\users\tech\desktop\thomasthetankengine-master\temp\compatcheckcpp.obj
c:\users\tech\desktop\thomasthetankengine-master\temp\enginemain.obj.enc
c:\users\tech\desktop\thomasthetankengine-master\temp\..\test\x64\thomasthetankengine.pdb
c:\users\tech\desktop\thomasthetankengine-master\thomasthetankengine\..\test\x64\thomasthetankengine.exe
c:\users\tech\desktop\thomasthetankengine-master\temp\..\test\x64\thomasthetankengine.ilk
c:\users\tech\desktop\thomasthetankengine-master\temp\thomasth.17cae74a.tlog\cl.command.1.tlog
c:\users\tech\desktop\thomasthetankengine-master\temp\thomasth.17cae74a.tlog\cl.read.1.tlog
c:\users\tech\desktop\thomasthetankengine-master\temp\thomasth.17cae74a.tlog\cl.write.1.tlog
c:\users\tech\desktop\thomasthetankengine-master\temp\thomasth.17cae74a.tlog\link.command.1.tlog
c:\users\tech\desktop\thomasthetankengine-master\temp\thomasth.17cae74a.tlog\link.read.1.tlog
c:\users\tech\desktop\thomasthetankengine-master\temp\thomasth.17cae74a.tlog\link.write.1.tlog
c:\users\tech\desktop\thomasthetankengine-master\temp\thomasth.17cae74a.tlog\thomasthetankengine.write.1u.tlog
